Estas son las aventuras disponibles:
0 - escenarioBase.json
1 - escenarioCreado2.json
2 - escenarioCreado.json
Seleccione un escenario del 0 al 2 por favor:
  >> 1
Ingrese su nombre por favor:
  >> Ema

Bienvenido a Zork Ema!

Te encuentras en el frente de la casa. Las demas personas ya comenzaron su trabajo dentro.
  >> tomar llave
Item agregado a tu inventario!
  >> usar llave en la puerta
La puerta esta abierta. Al norte tenes el living.
  >> ir al living
Estas en el living. Hay muchas personas dentro de la casa con quien interactuar.
  >> hablar con vecino

-------- SELECCIONA UN DIALOGO ---------
0 - Quien es usted?
1 - Pudo ver algo de lo que paso?
2 - Fue usted quien llamo?
7 - Salir
----------------------------------------
  >> 1
EMA: Pudo ver algo de lo que paso?
VECINO: No,mientras estaba mirando TV escuche un ruido que venia de esta casa. Eso es todo lo que se.

-------- SELECCIONA UN DIALOGO ---------
0 - Quien es usted?
1 - Pudo ver algo de lo que paso?
2 - Fue usted quien llamo?
7 - Salir
----------------------------------------
  >> 0
EMA: Quien es usted?
VECINO: Soy Frank, soy el vecino de la victima.

-------- SELECCIONA UN DIALOGO ---------
0 - Quien es usted?
1 - Pudo ver algo de lo que paso?
2 - Fue usted quien llamo?
7 - Salir
----------------------------------------
  >> 8

-------- SELECCIONA UN DIALOGO ---------
0 - Quien es usted?
1 - Pudo ver algo de lo que paso?
2 - Fue usted quien llamo?
7 - Salir
----------------------------------------
  >> 7
Has terminado la charla. Sigue investigando!
  >> ir a la sala
Estas dentro de la sala. Se siente un olor raro en el ambiente. En la pared notas unas manchas de color raro y al lado del sillon hay vidrios rotos.
  >> tomar cuchillo
Item agregado a tu inventario!
  >> ir al living
Estas en el living. Hay muchas personas dentro de la casa con quien interactuar.
  >> apunialar al vecino
Has matado al vecino. Si bien era el culpable, ahora tu eres un asesino como el!
Gracias por jugar a Zork Ema, hasta luego!
